[00:00:02] [Server thread/INFO]: leando_77 lost connection: Disconnected
[00:00:02] [Server thread/INFO]: leando_77 left the game
[00:00:25] [Server thread/INFO]: nekkan issued server command: /rl
[00:00:25] [Server thread/INFO]: nekkan: [0;31;1mPlease note that this command is not supported and may cause issues when using some plugins.[m
[00:00:25] [Server thread/INFO]: nekkan: [0;31;1mIf you encounter any issues please use the /stop command to restart your server.[m
[00:00:25] [Server thread/INFO]: Server Ping Player Sample Count: 12
[00:00:25] [Server thread/INFO]: Using 4 threads for Netty based IO
[00:00:25] [Server thread/INFO]: Debug logging is disabled
[00:00:25] [Server thread/INFO]: -------- World Settings For [world] --------
[00:00:25] [Server thread/INFO]: Experience Merge Radius: 3.0
[00:00:25] [Server thread/INFO]: Mob Spawn Range: 6
[00:00:25] [Server thread/INFO]: Cactus Growth Modifier: 100%
[00:00:25] [Server thread/INFO]: Cane Growth Modifier: 100%
[00:00:25] [Server thread/INFO]: Melon Growth Modifier: 100%
[00:00:25] [Server thread/INFO]: Mushroom Growth Modifier: 100%
[00:00:25] [Server thread/INFO]: Pumpkin Growth Modifier: 100%
[00:00:25] [Server thread/INFO]: Sapling Growth Modifier: 100%
[00:00:25] [Server thread/INFO]: Beetroot Growth Modifier: 100%
[00:00:25] [Server thread/INFO]: Carrot Growth Modifier: 100%
[00:00:25] [Server thread/INFO]: Potato Growth Modifier: 100%
[00:00:25] [Server thread/INFO]: Wheat Growth Modifier: 100%
[00:00:25] [Server thread/INFO]: NetherWart Growth Modifier: 100%
[00:00:25] [Server thread/INFO]: Vine Growth Modifier: 100%
[00:00:25] [Server thread/INFO]: Cocoa Growth Modifier: 100%
[00:00:25] [Server thread/INFO]: Bamboo Growth Modifier: 100%
[00:00:25] [Server thread/INFO]: SweetBerry Growth Modifier: 100%
[00:00:25] [Server thread/INFO]: Kelp Growth Modifier: 100%
[00:00:25] [Server thread/INFO]: Entity Activation Range: An 32 / Mo 32 / Ra 48 / Mi 16 / Tiv true
[00:00:25] [Server thread/INFO]: Hopper Transfer: 8 Hopper Check: 1 Hopper Amount: 1
[00:00:25] [Server thread/INFO]: Custom Map Seeds:  Village: 10387312 Desert: 14357617 Igloo: 14357618 Jungle: 14357619 Swamp: 14357620 Monument: 10387313 Ocean: 14357621 Shipwreck: 165745295 End City: 10387313 Slime: 987234911 Bastion: 30084232 Fortress: 30084232 Mansion: 10387319 Fossil: 14357921 Portal: 34222645
[00:00:25] [Server thread/INFO]: Max TNT Explosions: 100
[00:00:25] [Server thread/INFO]: Tile Max Tick Time: 50ms Entity max Tick Time: 50ms
[00:00:25] [Server thread/INFO]: Entity Tracking Range: Pl 48 / An 48 / Mo 48 / Mi 32 / Other 64
[00:00:25] [Server thread/INFO]: Allow Zombie Pigmen to spawn from portal blocks: true
[00:00:25] [Server thread/INFO]: View Distance: 10
[00:00:25] [Server thread/INFO]: Item Despawn Rate: 6000
[00:00:25] [Server thread/INFO]: Item Merge Radius: 2.5
[00:00:25] [Server thread/INFO]: Arrow Despawn Rate: 1200 Trident Respawn Rate:1200
[00:00:25] [Server thread/INFO]: Zombie Aggressive Towards Villager: true
[00:00:25] [Server thread/INFO]: Nerfing mobs spawned from spawners: false
[00:00:25] [Server thread/INFO]: -------- World Settings For [world_nether] --------
[00:00:25] [Server thread/INFO]: Experience Merge Radius: 3.0
[00:00:25] [Server thread/INFO]: Mob Spawn Range: 6
[00:00:25] [Server thread/INFO]: Cactus Growth Modifier: 100%
[00:00:25] [Server thread/INFO]: Cane Growth Modifier: 100%
[00:00:25] [Server thread/INFO]: Melon Growth Modifier: 100%
[00:00:25] [Server thread/INFO]: Mushroom Growth Modifier: 100%
[00:00:25] [Server thread/INFO]: Pumpkin Growth Modifier: 100%
[00:00:25] [Server thread/INFO]: Sapling Growth Modifier: 100%
[00:00:25] [Server thread/INFO]: Beetroot Growth Modifier: 100%
[00:00:25] [Server thread/INFO]: Carrot Growth Modifier: 100%
[00:00:25] [Server thread/INFO]: Potato Growth Modifier: 100%
[00:00:25] [Server thread/INFO]: Wheat Growth Modifier: 100%
[00:00:25] [Server thread/INFO]: NetherWart Growth Modifier: 100%
[00:00:25] [Server thread/INFO]: Vine Growth Modifier: 100%
[00:00:25] [Server thread/INFO]: Cocoa Growth Modifier: 100%
[00:00:25] [Server thread/INFO]: Bamboo Growth Modifier: 100%
[00:00:25] [Server thread/INFO]: SweetBerry Growth Modifier: 100%
[00:00:25] [Server thread/INFO]: Kelp Growth Modifier: 100%
[00:00:25] [Server thread/INFO]: Entity Activation Range: An 32 / Mo 32 / Ra 48 / Mi 16 / Tiv true
[00:00:25] [Server thread/INFO]: Hopper Transfer: 8 Hopper Check: 1 Hopper Amount: 1
[00:00:25] [Server thread/INFO]: Custom Map Seeds:  Village: 10387312 Desert: 14357617 Igloo: 14357618 Jungle: 14357619 Swamp: 14357620 Monument: 10387313 Ocean: 14357621 Shipwreck: 165745295 End City: 10387313 Slime: 987234911 Bastion: 30084232 Fortress: 30084232 Mansion: 10387319 Fossil: 14357921 Portal: 34222645
[00:00:25] [Server thread/INFO]: Max TNT Explosions: 100
[00:00:25] [Server thread/INFO]: Tile Max Tick Time: 50ms Entity max Tick Time: 50ms
[00:00:25] [Server thread/INFO]: Entity Tracking Range: Pl 48 / An 48 / Mo 48 / Mi 32 / Other 64
[00:00:25] [Server thread/INFO]: Allow Zombie Pigmen to spawn from portal blocks: true
[00:00:25] [Server thread/INFO]: View Distance: 10
[00:00:25] [Server thread/INFO]: Item Despawn Rate: 6000
[00:00:25] [Server thread/INFO]: Item Merge Radius: 2.5
[00:00:25] [Server thread/INFO]: Arrow Despawn Rate: 1200 Trident Respawn Rate:1200
[00:00:25] [Server thread/INFO]: Zombie Aggressive Towards Villager: true
[00:00:25] [Server thread/INFO]: Nerfing mobs spawned from spawners: false
[00:00:25] [Server thread/INFO]: -------- World Settings For [world_the_end] --------
[00:00:25] [Server thread/INFO]: Experience Merge Radius: 3.0
[00:00:25] [Server thread/INFO]: Mob Spawn Range: 6
[00:00:25] [Server thread/INFO]: Cactus Growth Modifier: 100%
[00:00:25] [Server thread/INFO]: Cane Growth Modifier: 100%
[00:00:25] [Server thread/INFO]: Melon Growth Modifier: 100%
[00:00:25] [Server thread/INFO]: Mushroom Growth Modifier: 100%
[00:00:25] [Server thread/INFO]: Pumpkin Growth Modifier: 100%
[00:00:25] [Server thread/INFO]: Sapling Growth Modifier: 100%
[00:00:25] [Server thread/INFO]: Beetroot Growth Modifier: 100%
[00:00:25] [Server thread/INFO]: Carrot Growth Modifier: 100%
[00:00:25] [Server thread/INFO]: Potato Growth Modifier: 100%
[00:00:25] [Server thread/INFO]: Wheat Growth Modifier: 100%
[00:00:25] [Server thread/INFO]: NetherWart Growth Modifier: 100%
[00:00:25] [Server thread/INFO]: Vine Growth Modifier: 100%
[00:00:25] [Server thread/INFO]: Cocoa Growth Modifier: 100%
[00:00:25] [Server thread/INFO]: Bamboo Growth Modifier: 100%
[00:00:25] [Server thread/INFO]: SweetBerry Growth Modifier: 100%
[00:00:25] [Server thread/INFO]: Kelp Growth Modifier: 100%
[00:00:25] [Server thread/INFO]: Entity Activation Range: An 32 / Mo 32 / Ra 48 / Mi 16 / Tiv true
[00:00:25] [Server thread/INFO]: Hopper Transfer: 8 Hopper Check: 1 Hopper Amount: 1
[00:00:25] [Server thread/INFO]: Custom Map Seeds:  Village: 10387312 Desert: 14357617 Igloo: 14357618 Jungle: 14357619 Swamp: 14357620 Monument: 10387313 Ocean: 14357621 Shipwreck: 165745295 End City: 10387313 Slime: 987234911 Bastion: 30084232 Fortress: 30084232 Mansion: 10387319 Fossil: 14357921 Portal: 34222645
[00:00:25] [Server thread/INFO]: Max TNT Explosions: 100
[00:00:25] [Server thread/INFO]: Tile Max Tick Time: 50ms Entity max Tick Time: 50ms
[00:00:25] [Server thread/INFO]: Entity Tracking Range: Pl 48 / An 48 / Mo 48 / Mi 32 / Other 64
[00:00:25] [Server thread/INFO]: Allow Zombie Pigmen to spawn from portal blocks: true
[00:00:25] [Server thread/INFO]: View Distance: 10
[00:00:25] [Server thread/INFO]: Item Despawn Rate: 6000
[00:00:25] [Server thread/INFO]: Item Merge Radius: 2.5
[00:00:25] [Server thread/INFO]: Arrow Despawn Rate: 1200 Trident Respawn Rate:1200
[00:00:25] [Server thread/INFO]: Zombie Aggressive Towards Villager: true
[00:00:25] [Server thread/INFO]: Nerfing mobs spawned from spawners: false
[00:00:25] [Server thread/INFO]: [ProjectileKnockback] Disabling ProjectileKnockback v1.8
[00:00:25] [Server thread/INFO]: [ProjectileKnockback] This plugin has been disabled!
[00:00:25] [Server thread/INFO]: [PingPlayer] Disabling PingPlayer v1.3.2
[00:00:25] [Server thread/INFO]: [PingPlayer] PingPlayer v1.3.2 disabled.
[00:00:25] [Server thread/INFO]: Reloading ResourceManager: Default, bukkit
[00:00:25] [Server thread/INFO]: Loaded 7 recipes
[00:00:25] [Server thread/INFO]: Reloading ResourceManager: Default, bukkit
[00:00:25] [Server thread/INFO]: Loaded 7 recipes
[00:00:28] [Server thread/ERROR]: Nag author: 'chengzi368' of 'PingPlayer' about the following: This plugin is not properly shutting down its async tasks when it is being reloaded.  This may cause conflicts with the newly loaded version of the plugin
[00:00:28] [Server thread/WARN]: Legacy plugin PingPlayer v1.3.2 does not specify an api-version.
[00:00:28] [Server thread/WARN]: Legacy plugin ProjectileKnockback v1.8 does not specify an api-version.
[00:00:28] [Server thread/INFO]: [PingPlayer] Loading PingPlayer v1.3.2
[00:00:28] [Server thread/INFO]: [ProjectileKnockback] Loading ProjectileKnockback v1.8
[00:00:28] [Server thread/INFO]: [PingPlayer] Enabling PingPlayer v1.3.2
[00:00:28] [Server thread/INFO]: [PingPlayer] Thank you for enabling Metrics!
[00:00:28] [Server thread/INFO]: [PingPlayer] PingPlayer v1.3.2 enabled.
[00:00:28] [Server thread/INFO]: [ProjectileKnockback] Enabling ProjectileKnockback v1.8
[00:00:28] [Server thread/INFO]: [ProjectileKnockback] This plugin has been enabled!
[00:00:28] [Server thread/INFO]: Server permissions file permissions.yml is empty, ignoring it
[00:00:28] [Server thread/INFO]: nekkan: [0;32;1mReload complete.[m
[00:01:30] [User Authenticator #3/INFO]: UUID of player leando_77 is 27770650-50fd-48a7-8766-94588762e4ad
[00:01:31] [Server thread/INFO]: leando_77[/0:0:0:0:0:0:0:1%0:37570] logged in with entity id 1132 at ([world]-258.4001184520957, 72.0, -108.86236726226701)
[00:02:09] [Server thread/INFO]: nekkan issued server command: /op leando_77
[00:02:09] [Server thread/INFO]: [nekkan: Made leando_77 a server operator]
[00:02:33] [Server thread/INFO]: nekkan issued server command: /ping
[00:02:36] [Server thread/INFO]: nekkan issued server command: /ping leando_77
[00:02:39] [Server thread/INFO]: leando_77 has made the advancement [Stone Age]
[00:03:10] [Server thread/INFO]: leando_77 has made the advancement [Getting an Upgrade]
[00:03:19] [Server thread/INFO]: nekkan has made the advancement [Stone Age]
[00:03:58] [Server thread/INFO]: nekkan issued server command: /gamemode creative
[00:03:58] [Server thread/INFO]: [nekkan: Set own game mode to Creative Mode]
[00:04:28] [Server thread/INFO]: nekkan issued server command: /gamemode survival
[00:04:28] [Server thread/INFO]: [nekkan: Set own game mode to Survival Mode]
[00:04:31] [Server thread/INFO]: leando_77 lost connection: Disconnected
[00:04:31] [Server thread/INFO]: leando_77 left the game
[00:04:32] [User Authenticator #4/INFO]: UUID of player 62a is 62e6ceed-deca-495b-9529-7f163f43201b
[00:04:33] [Server thread/INFO]: 62a[/0:0:0:0:0:0:0:1%0:46402] logged in with entity id 1629 at ([world]-261.5, 75.0, -142.5)
[00:04:40] [Async Chat Thread - #0/INFO]: <nekkan> OI ICONE[m
[00:04:54] [Server thread/INFO]: nekkan issued server command: /op 62a
[00:04:54] [Server thread/INFO]: [nekkan: Made 62a a server operator]
[00:05:01] [Server thread/INFO]: nekkan issued server command: /ping 62a
[00:05:14] [Async Chat Thread - #0/INFO]: <62a> OI[m
[00:05:23] [Server thread/INFO]: nekkan has made the advancement [Getting an Upgrade]
[00:05:25] [Async Chat Thread - #0/INFO]: <62a> ttem /ping?[m
[00:05:30] [Async Chat Thread - #0/INFO]: <nekkan> s][m
[00:05:32] [Async Chat Thread - #0/INFO]: <62a> mds q bioma meda[m
[00:05:34] [Async Chat Thread - #0/INFO]: <62a> merda[m
[00:05:36] [Server thread/INFO]: 62a issued server command: /ping
[00:05:38] [Async Chat Thread - #0/INFO]: <nekkan> CARALHGO[m
[00:05:42] [Async Chat Thread - #0/INFO]: <62a> 2531[m
[00:05:42] [Async Chat Thread - #0/INFO]: <nekkan> VREM CA[m
[00:05:44] [Async Chat Thread - #0/INFO]: <62a> KKKKKKKKKKKKKKKKK[m
[00:05:49] [Async Chat Thread - #0/INFO]: <nekkan> CADE TU[m
[00:05:50] [Async Chat Thread - #0/INFO]: <62a> onde[m
[00:05:53] [Async Chat Thread - #0/INFO]: <62a> no spawn[m
[00:05:53] [Server thread/INFO]: nekkan issued server command: /tp 62a nekkan
[00:05:53] [Server thread/INFO]: [nekkan: Teleported 62a to nekkan]
[00:05:57] [Async Chat Thread - #0/INFO]: <nekkan> OLHA ALI[m
[00:05:59] [Async Chat Thread - #0/INFO]: <nekkan> vem ca[m
[00:06:02] [User Authenticator #5/INFO]: UUID of player leando_77 is 27770650-50fd-48a7-8766-94588762e4ad
[00:06:02] [Server thread/INFO]: leando_77[/0:0:0:0:0:0:0:1%0:50656] logged in with entity id 1793 at ([world]-240.0590287315536, 68.0, -113.61667950514543)
[00:06:03] [Async Chat Thread - #0/INFO]: <nekkan> se liga na montanha[m
[00:06:20] [Async Chat Thread - #0/INFO]: <62a> me da item tbm[m
[00:06:22] [Async Chat Thread - #0/INFO]: <62a> ofv[m
[00:06:24] [Async Chat Thread - #0/INFO]: <62a> pfv[m
[00:06:27] [Server thread/INFO]: 62a has made the advancement [Stone Age]
[00:06:30] [Server thread/INFO]: leando_77 lost connection: Disconnected
[00:06:30] [Server thread/INFO]: leando_77 left the game
[00:06:48] [Server thread/INFO]: 62a has made the advancement [Getting an Upgrade]
[00:06:58] [Async Chat Thread - #0/INFO]: <62a> q porra tu ta fazendo mlk[m
[00:07:04] [Async Chat Thread - #0/INFO]: <nekkan> pegando gravel[m
[00:07:05] [Async Chat Thread - #0/INFO]: <nekkan> em[m
[00:07:08] [Async Chat Thread - #0/INFO]: <nekkan> ali[m
[00:07:08] [Async Chat Thread - #0/INFO]: <nekkan> aokfnjmasjikodnm[m
[00:07:11] [Async Chat Thread - #0/INFO]: <nekkan> a montanhA[m
[00:07:16] [User Authenticator #6/INFO]: UUID of player leando_77 is 27770650-50fd-48a7-8766-94588762e4ad
[00:07:16] [Server thread/INFO]: leando_77[/0:0:0:0:0:0:0:1%0:54012] logged in with entity id 1968 at ([world]-241.4197573435319, 70.0, -117.57329221604108)
[00:07:17] [Server thread/INFO]: 62a issued server command: /ping
[00:07:22] [Server thread/INFO]: leando_77 lost connection: Disconnected
[00:07:22] [Server thread/INFO]: leando_77 left the game
[00:07:23] [Async Chat Thread - #0/INFO]: <62a> meu ping abaixo[m
[00:07:29] [Async Chat Thread - #0/INFO]: <62a> ta em 936[m
[00:07:38] [User Authenticator #7/INFO]: UUID of player leando_77 is 27770650-50fd-48a7-8766-94588762e4ad
[00:07:38] [Server thread/INFO]: leando_77[/0:0:0:0:0:0:0:1%0:55054] logged in with entity id 2056 at ([world]-232.93308785379133, 68.0, -126.04410986292078)
[00:07:45] [Async Chat Thread - #0/INFO]: <62a> sem xray ne?[m
[00:07:46] [Async Chat Thread - #0/INFO]: <nekkan> s[m
[00:07:47] [Async Chat Thread - #0/INFO]: <nekkan> sem[m
[00:07:49] [Async Chat Thread - #0/INFO]: <nekkan> vem ca[m
[00:07:55] [Async Chat Thread - #0/INFO]: <leando_77> maluco de xray[m
[00:08:07] [Async Chat Thread - #0/INFO]: <62a> teu cu[m
[00:08:14] [Async Chat Thread - #0/INFO]: <leando_77> D:[m
[00:08:22] [Server thread/INFO]: nekkan has made the advancement [Monster Hunter]
[00:08:24] [Async Chat Thread - #0/INFO]: <62a> como assim vc ta triste? vc é tao gostosa[m
[00:08:30] [Async Chat Thread - #0/INFO]: <leando_77> ne[m
[00:08:35] [Async Chat Thread - #0/INFO]: <nekkan> :leaves:[m
[00:09:09] [Async Chat Thread - #0/INFO]: <62a> o certo pelo certo tlgd familia[m
[00:09:11] [Async Chat Thread - #0/INFO]: <62a> Q ISSO[m
[00:09:13] [Server thread/INFO]: 62a was shot by Skeleton
[00:09:15] [Async Chat Thread - #0/INFO]: <leando_77> f[m
[00:09:17] [Async Chat Thread - #0/INFO]: <62a> f[m
[00:09:20] [Server thread/INFO]: nekkan issued server command: /gamerule keepInventory true
[00:09:20] [Server thread/INFO]: [nekkan: Gamerule keepInventory is now set to: true]
[00:09:22] [Server thread/INFO]: nekkan issued server command: /tp 62a nekkan
[00:09:22] [Server thread/INFO]: [nekkan: Teleported 62a to nekkan]
[00:09:54] [Async Chat Thread - #0/INFO]: <62a> pode espancar molieres? é que eu acabei de matar uma vaca[m
[00:09:59] [Async Chat Thread - #0/INFO]: <62a> :zany_face:[m
[00:10:03] [Async Chat Thread - #0/INFO]: <nekkan> aff matou a mae do leandro[m
[00:10:08] [Async Chat Thread - #0/INFO]: <leando_77> EU IA FALAR ISSO[m
[00:10:18] [Async Chat Thread - #0/INFO]: <leando_77> SUA PUTA[m
[00:10:20] [Async Chat Thread - #0/INFO]: <62a> O CARA IA XINGAR A PROPRIA MAE[m
[00:10:32] [Async Chat Thread - #0/INFO]: <leando_77> ia falar da do pedro[m
[00:10:35] [Async Chat Thread - #0/INFO]: <62a> ata[m
[00:10:39] [Async Chat Thread - #0/INFO]: <nekkan> aff[m
[00:10:41] [Async Chat Thread - #0/INFO]: <leando_77> ff[m
[00:10:42] [Async Chat Thread - #0/INFO]: <leando_77> aff[m
[00:10:44] [Async Chat Thread - #0/INFO]: <nekkan> free fire[m
[00:10:49] [Async Chat Thread - #0/INFO]: <leando_77> final fantasy[m
[00:11:14] [Async Chat Thread - #0/INFO]: <62a> achei uma caverna pica[m
[00:11:20] [Server thread/INFO]: leando_77 issued server command: /tp 62a
[00:11:20] [Server thread/INFO]: [leando_77: Teleported leando_77 to 62a]
[00:11:23] [Server thread/INFO]: 62a was slain by Zombie
[00:11:27] [Async Chat Thread - #0/INFO]: <leando_77> kkkkkkkkkkkkkkk[m
[00:11:30] [Server thread/INFO]: 62a issued server command: /tp leando_77
[00:11:30] [Server thread/INFO]: [62a: Teleported 62a to leando_77]
[00:11:31] [Server thread/INFO]: leando_77 has made the advancement [Monster Hunter]
[00:11:32] [Server thread/INFO]: nekkan issued server command: /scoreboard objectives add vidas health
[00:11:32] [Server thread/INFO]: [nekkan: Created new objective [vidas]]
[00:11:33] [Async Chat Thread - #0/INFO]: <leando_77> epico[m
[00:11:37] [Server thread/INFO]: nekkan issued server command: /scoreboard objectives setdisplay list vidas
[00:11:37] [Server thread/INFO]: [nekkan: Set display slot list to show objective vidas]
[00:11:41] [Async Chat Thread - #0/INFO]: <62a> vc é o astolof[m
[00:11:51] [Async Chat Thread - #0/INFO]: <leando_77> ss sou ele na vida real[m
[00:12:38] [Server thread/INFO]: leando_77 has made the advancement [Acquire Hardware]
[00:12:39] [Async Chat Thread - #0/INFO]: <62a> tu tem carvao astolfo[m
[00:12:44] [Async Chat Thread - #0/INFO]: <leando_77> KKKKKKKKKKK[m
[00:12:46] [Async Chat Thread - #0/INFO]: <leando_77> tem aq[m
[00:12:48] [Async Chat Thread - #0/INFO]: <leando_77> ta tp[m
[00:12:50] [Async Chat Thread - #0/INFO]: <leando_77> da[m
[00:12:55] [Async Chat Thread - #0/INFO]: <62a> calma[m
[00:12:57] [Async Chat Thread - #0/INFO]: <nekkan> vo subir na montanha[m
[00:12:59] [Server thread/INFO]: nekkan issued server command: /seed
[00:13:01] [Async Chat Thread - #0/INFO]: <62a> tem bastante ferroa qui[m
[00:13:03] [Server thread/INFO]: leando_77 issued server command: /seedf
[00:13:07] [Server thread/INFO]: leando_77 issued server command: /seed
[00:14:11] [Server thread/INFO]: nekkan issued server command: /gamerule keepInventory
[00:14:37] [Server thread/INFO]: leando_77 was shot by Skeleton
[00:14:41] [Async Chat Thread - #1/INFO]: <62a> da tp[m
[00:14:43] [Async Chat Thread - #1/INFO]: <62a> to aqui[m
[00:14:44] [Async Chat Thread - #1/INFO]: <leando_77> 5 esqueleto sifude[m
[00:14:48] [Server thread/INFO]: nekkan issued server command: /gamerule keepInventory
[00:14:48] [Async Chat Thread - #1/INFO]: <62a> entao[m
[00:14:48] [Server thread/INFO]: nekkan issued server command: /gamerule keepInventory truje
[00:14:50] [Server thread/INFO]: leando_77 issued server command: /tp 62a
[00:14:50] [Server thread/INFO]: [leando_77: Teleported leando_77 to 62a]
[00:14:54] [Async Chat Thread - #1/INFO]: <62a> ta em qual dificuldade isos[m
[00:14:57] [Server thread/INFO]: nekkan issued server command: /difficulty normal
[00:14:57] [Server thread/INFO]: [nekkan: The difficulty has been set to Normal]
[00:14:58] [Async Chat Thread - #1/INFO]: <leando_77> tem madeira?[m
[00:14:58] [Async Chat Thread - #1/INFO]: <nekkan> normal[m
[00:14:59] [Async Chat Thread - #1/INFO]: <nekkan> tava no easyh[m
[00:15:00] [Async Chat Thread - #1/INFO]: <62a> facil[m
[00:15:01] [Async Chat Thread - #1/INFO]: <62a> wtf[m
[00:15:02] [Async Chat Thread - #1/INFO]: <leando_77> pfv[m
[00:15:03] [Async Chat Thread - #1/INFO]: <nekkan> desloguem ai rapidao[m
[00:15:04] [Async Chat Thread - #1/INFO]: <nekkan> vou dormir[m
[00:15:05] [Server thread/INFO]: nekkan has made the advancement [Sweet Dreams]
[00:15:06] [Async Chat Thread - #1/INFO]: <62a> j tenho[m
[00:15:11] [Server thread/INFO]: 62a has made the advancement [Monster Hunter]
[00:15:13] [Server thread/INFO]: leando_77 lost connection: Disconnected
[00:15:13] [Server thread/INFO]: leando_77 left the game
[00:15:16] [Async Chat Thread - #1/INFO]: <nekkan> VITO[m
[00:15:18] [Async Chat Thread - #1/INFO]: <nekkan> VITOR NAO[m
[00:15:19] [Async Chat Thread - #1/INFO]: <nekkan> ICONE[m
[00:15:22] [Async Chat Thread - #1/INFO]: <62a> oi[m
[00:15:27] [Server thread/INFO]: nekkan issued server command: /kick 62a Timed out
[00:15:27] [Server thread/INFO]: 62a lost connection: Timed out
[00:15:27] [Server thread/INFO]: 62a left the game
[00:15:27] [Server thread/INFO]: [nekkan: Kicked 62a: Timed out]
[00:15:39] [User Authenticator #8/INFO]: UUID of player leando_77 is 27770650-50fd-48a7-8766-94588762e4ad
[00:15:39] [Server thread/INFO]: leando_77[/0:0:0:0:0:0:0:1%0:47870] logged in with entity id 4443 at ([world]-143.75926688670893, 51.0, -129.52383468636296)
[00:15:49] [Async Chat Thread - #1/INFO]: <nekkan> TIMED OUT[m
[00:16:12] [User Authenticator #9/INFO]: UUID of player 62a is 62e6ceed-deca-495b-9529-7f163f43201b
[00:16:12] [Server thread/INFO]: 62a[/0:0:0:0:0:0:0:1%0:49312] logged in with entity id 4685 at ([world]-149.51130698036232, 51.0, -130.21933796223163)
[00:16:13] [Server thread/INFO]: leando_77 has made the advancement [Isn't It Iron Pick]
[00:16:19] [Async Chat Thread - #1/INFO]: <leando_77> ele ti kiko[m
[00:16:21] [Async Chat Thread - #1/INFO]: <62a> oi[m
[00:16:22] [Async Chat Thread - #1/INFO]: <nekkan> fdp[m
[00:16:23] [Async Chat Thread - #1/INFO]: <leando_77> q arromnado[m
[00:16:30] [Server thread/INFO]: leando_77 issued server command: /tp 62a
[00:16:30] [Server thread/INFO]: [leando_77: Teleported leando_77 to 62a]
[00:16:34] [Async Chat Thread - #1/INFO]: <62a> eu cai caralho[m
[00:16:40] [Async Chat Thread - #1/INFO]: <nekkan> eu kickei[m
[00:16:40] [Async Chat Thread - #1/INFO]: <leando_77> caiu n tomou kick[m
[00:16:42] [Async Chat Thread - #1/INFO]: <nekkan> pra dormir[m
[00:16:43] [Server thread/INFO]: 62a has made the advancement [Acquire Hardware]
[00:16:43] [Server thread/INFO]: leando_77 issued server command: /tp nekkan
[00:16:43] [Server thread/INFO]: [leando_77: Teleported leando_77 to nekkan]
[00:16:48] [Async Chat Thread - #1/INFO]: <62a> deboca na tua pica[m
[00:16:49] [Async Chat Thread - #1/INFO]: <62a> af[m
[00:17:11] [Async Chat Thread - #1/INFO]: <62a> alguem aceita websexo?[m
[00:17:18] [Async Chat Thread - #1/INFO]: <62a> pelo minecraft[m
[00:18:08] [Server thread/INFO]: leando_77 issued server command: /tp nekkan
[00:18:08] [Server thread/INFO]: [leando_77: Teleported leando_77 to nekkan]
[00:18:25] [Async Chat Thread - #2/INFO]: <nekkan> vamo pro deserto[m
[00:18:28] [Async Chat Thread - #2/INFO]: <nekkan> seguinte icone[m
[00:18:31] [Async Chat Thread - #2/INFO]: <nekkan> a gnt ta com um plano[m
[00:18:38] [Async Chat Thread - #2/INFO]: <nekkan> de ir pro end[m
[00:18:42] [Async Chat Thread - #2/INFO]: <nekkan> pegar a elytra[m
[00:18:43] [Async Chat Thread - #2/INFO]: <nekkan> sem matar o dragao[m
[00:18:45] [Async Chat Thread - #2/INFO]: <nekkan> e sair vazado[m
[00:18:47] [Server thread/INFO]: 62a was slain by Zombie
[00:18:53] [Async Chat Thread - #2/INFO]: <62a> ta[m
[00:19:00] [Server thread/INFO]: nekkan lost connection: Disconnected
[00:19:00] [Server thread/INFO]: nekkan left the game
[00:19:02] [User Authenticator #10/INFO]: UUID of player nekkan is b6bde4e3-2d36-441e-a915-ef0c2cef1e0e
[00:19:02] [Server thread/INFO]: nekkan[/0:0:0:0:0:0:0:1%0:56880] logged in with entity id 5695 at ([world]50.69999998807907, 58.0, -100.42362365144042)
[00:19:08] [Server thread/INFO]: nekkan issued server command: /ping
[00:19:12] [Server thread/INFO]: 62a issued server command: /tp nekkan
[00:19:12] [Server thread/INFO]: [62a: Teleported 62a to nekkan]
[00:19:12] [Async Chat Thread - #2/INFO]: <leando_77> EU FAZENDO CAMA COM STICK[m
[00:19:15] [Async Chat Thread - #2/INFO]: <leando_77> FODASE[m
[00:19:23] [Async Chat Thread - #2/INFO]: <nekkan> ladrao[m
[00:19:27] [Async Chat Thread - #2/INFO]: <nekkan> ladrao[m
[00:19:27] [Async Chat Thread - #2/INFO]: <nekkan> ladrao[m
[00:19:28] [Async Chat Thread - #2/INFO]: <nekkan> ladrao[m
[00:19:34] [Async Chat Thread - #2/INFO]: <62a> qfoi sem querer[m
[00:19:38] [Async Chat Thread - #2/INFO]: <62a> quandtos eu peguei?[m
[00:19:41] [Async Chat Thread - #2/INFO]: <nekkan> e mentira!!![m
[00:19:42] [Async Chat Thread - #2/INFO]: <nekkan> uns 4[m
[00:20:25] [Async Chat Thread - #2/INFO]: <leando_77> ces tao embaixo de mim[m
[00:20:28] [Async Chat Thread - #2/INFO]: <nekkan> eita[m
[00:20:34] [Async Chat Thread - #2/INFO]: <leando_77> sexo[m
[00:20:38] [Async Chat Thread - #2/INFO]: <62a> vdd[m
[00:20:41] [Async Chat Thread - #2/INFO]: <leando_77> vdd[m
[00:21:02] [Async Chat Thread - #2/INFO]: <nekkan> vo fude seu pai[m
[00:21:08] [Async Chat Thread - #2/INFO]: <leando_77> noooo D:[m
[00:21:08] [Async Chat Thread - #2/INFO]: <62a> KKKKKKKKKKKKKKKK Q GRATUITO[m
[00:21:49] [Server thread/INFO]: nekkan issued server command: /locate desert_pyramid
[00:22:21] [Async Chat Thread - #3/INFO]: <leando_77> ACHEI VILA[m
[00:22:22] [Async Chat Thread - #3/INFO]: <leando_77> tp tp[m
[00:22:32] [Async Chat Thread - #3/INFO]: <62a> to assando ferro[m
[00:22:51] [Server thread/INFO]: 62a has made the advancement [Isn't It Iron Pick]
[00:23:18] [Server thread/INFO]: 62a issued server command: /tp leando_77
[00:23:18] [Server thread/INFO]: [62a: Teleported 62a to leando_77]
[00:23:36] [Async Chat Thread - #4/INFO]: <62a> to roubado estante[m
[00:23:39] [Async Chat Thread - #4/INFO]: <leando_77> ala[m
[00:23:44] [Async Chat Thread - #4/INFO]: <62a> pra fazer mesa de encatamento depois[m
[00:23:47] [Async Chat Thread - #4/INFO]: <leando_77> pega cama[m
[00:23:54] [Async Chat Thread - #4/INFO]: <leando_77> quer comida?[m
[00:23:56] [Async Chat Thread - #4/INFO]: <62a> ss[m
[00:23:58] [Async Chat Thread - #4/INFO]: <leando_77> vem ca[m
[00:24:00] [Async Chat Thread - #4/INFO]: <leando_77> tp[m
[00:24:03] [Async Chat Thread - #4/INFO]: <nekkan> seu pai e bem gostosinho[m
[00:24:05] [Async Chat Thread - #4/INFO]: <62a> calma[m
[00:24:06] [Server thread/INFO]: nekkan issued server command: /locate desert_pyramid
[00:24:08] [Async Chat Thread - #4/INFO]: <leando_77> vdd[m
[00:24:09] [Async Chat Thread - #4/INFO]: <62a> LKKKKKKKKKKKKKKK ANAO[m
[00:24:17] [Async Chat Thread - #4/INFO]: <62a> atras de tu[m
[00:25:16] [Async Chat Thread - #4/INFO]: <62a> to com 4 cama[m
[00:25:18] [Async Chat Thread - #4/INFO]: <62a> ja ta bo mne?[m
[00:25:22] [Async Chat Thread - #4/INFO]: <leando_77> brabo[m
[00:25:25] [Async Chat Thread - #4/INFO]: <leando_77> minerar nao[m
[00:25:30] [Async Chat Thread - #4/INFO]: <leando_77> coisa de gay[m
[00:25:30] [Async Chat Thread - #4/INFO]: <62a> q?[m
[00:25:37] [Async Chat Thread - #4/INFO]: <leando_77> salva as coords plz[m
[00:25:41] [Async Chat Thread - #4/INFO]: <62a> eu to falando se ja ta bom de cama[m
[00:25:42] [Async Chat Thread - #4/INFO]: <62a> iok[m
[00:25:42] [Server thread/INFO]: leando_77 issued server command: /tp nekkan
[00:25:42] [Server thread/INFO]: [leando_77: Teleported leando_77 to nekkan]
[00:25:43] [Server thread/INFO]: nekkan has made the advancement [Ice Bucket Challenge]
[00:25:51] [Async Chat Thread - #4/INFO]: <62a> q conquista é essa[m
[00:25:55] [Async Chat Thread - #4/INFO]: <nekkan> eu achei portal[m
[00:25:55] [Async Chat Thread - #4/INFO]: <62a> eu n entendi com ganha[m
[00:26:03] [Async Chat Thread - #4/INFO]: <62a> ata[m
[00:26:06] [Async Chat Thread - #4/INFO]: <62a> deixa[m
[00:26:11] [Async Chat Thread - #4/INFO]: <62a> como nk[m
[00:26:17] [Async Chat Thread - #4/INFO]: <nekkan> que[m
[00:26:23] [Async Chat Thread - #4/INFO]: <62a> como tu pegou obsidian[m
[00:26:25] [Async Chat Thread - #4/INFO]: <nekkan> s[m
[00:26:27] [Async Chat Thread - #4/INFO]: <nekkan> no portal[m
[00:26:29] [Async Chat Thread - #4/INFO]: <nekkan> abandonado[m
[00:26:31] [Async Chat Thread - #4/INFO]: <leando_77> bau do portal[m
[00:26:35] [Async Chat Thread - #4/INFO]: <62a> ata[m
[00:27:01] [Async Chat Thread - #4/INFO]: <62a> vou pegar madeira[m
[00:27:06] [Async Chat Thread - #4/INFO]: <leando_77> procura pço de lava[m
[00:27:10] [Server thread/INFO]: Saving the game (this may take a moment!)
[00:27:11] [Server thread/INFO]: Saved the game
[00:27:16] [Async Chat Thread - #4/INFO]: <leando_77> pra ir pro nether ja[m
[00:27:24] [Async Chat Thread - #4/INFO]: <62a> mds[m
